<?xml version="1.0" encoding="UTF-8"?>
<!-- Generated by org.testng.reporters.JUnitReportReporter -->
<testsuite hostname="DESKTOP-4SPKBOK" failures="0" tests="1" name="com.TestVagrant.testCases.ImdbMovieDetailTestCase" time="30.551" errors="0" timestamp="2022-09-03T14:19:43 IST" skipped="0">
  <testcase classname="com.TestVagrant.testCases.ImdbMovieDetailTestCase" name="ImdbMovieDetailCheck" time="30.551"/>
  <system-out/>
</testsuite> <!-- com.TestVagrant.testCases.ImdbMovieDetailTestCase -->
